<?xml version="1.0" encoding="UTF-8"?>
<!-- Generated by org.testng.reporters.JUnitReportReporter -->
<testsuite hostname="DESKTOP-9AGCCTE" failures="0" tests="3" name="Sample1.Loan" time="0.007" errors="0" timestamp="2024-03-04T19:29:09 IST" skipped="0">
  <testcase classname="Sample1.Loan" name="MadhiCarLoan" time="0.006"/>
  <system-out/>
  <testcase classname="Sample1.Loan" name="MadhiGoldLoan" time="0.001"/>
  <system-out/>
  <testcase classname="Sample1.Loan" name="MadhiHomeLoan" time="0.000"/>
  <system-out/>
</testsuite> <!-- Sample1.Loan -->
