<?xml version="1.0" encoding="UTF-8"?>
<!-- Generated by org.testng.reporters.JUnitReportReporter -->
<testsuite hostname="DESKTOP-9AGCCTE" failures="0" tests="1" name="Sample1.Work" time="0.006" errors="0" timestamp="2024-03-04T19:33:20 IST" skipped="0">
  <testcase classname="Sample1.Work" name="Hybrid" time="0.006"/>
  <system-out/>
</testsuite> <!-- Sample1.Work -->
