<?xml version="1.0" encoding="UTF-8"?>
<!-- Generated by org.testng.reporters.JUnitReportReporter -->
<testsuite hostname="DESKTOP-9AGCCTE" failures="0" tests="2" name="Sample1.testcase1" time="0.007" errors="0" timestamp="2024-03-04T15:44:30 IST" skipped="0">
  <testcase classname="Sample1.testcase1" name="test1" time="0.006"/>
  <system-out/>
  <testcase classname="Sample1.testcase1" name="test2" time="0.001"/>
  <system-out/>
</testsuite> <!-- Sample1.testcase1 -->
