<?xml version="1.0" encoding="UTF-8"?>
<!-- Generated by org.testng.reporters.JUnitReportReporter -->
<testsuite hostname="DESKTOP-9AGCCTE" failures="0" tests="1" name="Sample1.FumFUn" time="0.007" errors="0" timestamp="2024-03-04T14:58:30 IST" skipped="0">
  <testcase classname="Sample1.FumFUn" name="testtest" time="0.007"/>
  <system-out/>
</testsuite> <!-- Sample1.FumFUn -->
