<?xml version="1.0" encoding="UTF-8"?>
<!-- Generated by org.testng.reporters.JUnitReportReporter -->
<testsuite hostname="DESKTOP-9AGCCTE" failures="0" tests="2" name="Sample1.testing_part" time="0.008" errors="0" timestamp="2024-03-04T16:50:40 IST" skipped="1">
  <testcase classname="Sample1.testing_part" name="test_part1" time="0.008"/>
  <system-out/>
  <testcase classname="Sample1.testing_part" name="test_part2">
    <skipped/>
  </testcase> <!-- test_part2 -->
  <system-out/>
</testsuite> <!-- Sample1.testing_part -->
