<?xml version="1.0" encoding="UTF-8"?>
<!-- Generated by org.testng.reporters.JUnitReportReporter -->
<testsuite hostname="DESKTOP-9AGCCTE" failures="0" tests="3" name="Sample1.Travels" time="0.009" errors="0" timestamp="2024-03-04T19:31:16 IST" skipped="0">
  <testcase classname="Sample1.Travels" name="Flight" time="0.005"/>
  <system-out/>
  <testcase classname="Sample1.Travels" name="Train" time="0.001"/>
  <system-out/>
  <testcase classname="Sample1.Travels" name="NoTravel" time="0.003"/>
  <system-out/>
</testsuite> <!-- Sample1.Travels -->
